Copyright 1986-2016 Xilinx, Inc. All Rights Reserved.
-------------------------------------------------------------------------------------------------------------------------------------
| Tool Version : Vivado v.2016.3 (lin64) Build 1682563 Mon Oct 10 19:07:26 MDT 2016
| Date         : Thu Mar  9 15:47:53 2017
| Host         : tea02 running 64-bit Ubuntu 14.04.5 LTS
| Command      : report_methodology -file hcode_shell_top_methodology_drc_routed.rpt -rpx hcode_shell_top_methodology_drc_routed.rpx
| Design       : hcode_shell_top
| Device       : xc7vx485tffg1761-2
| Speed File   : -2
| Design State : Routed
-------------------------------------------------------------------------------------------------------------------------------------

Report Methodology

Table of Contents
-----------------
1. REPORT SUMMARY
2. REPORT DETAILS

1. REPORT SUMMARY
-----------------
            Netlist: netlist
          Floorplan: design_1
      Design limits: <entire design considered>
             Max violations: <unlimited>
             Violations found: 26
+-----------+----------+------------------------------------------------------+------------+
| Rule      | Severity | Description                                          | Violations |
+-----------+----------+------------------------------------------------------+------------+
| TIMING-3  | Warning  | Invalid primary clock on Clock Modifying Block       | 1          |
| TIMING-4  | Warning  | Invalid primary clock redefinition on a clock tree   | 2          |
| TIMING-9  | Warning  | Unknown CDC Logic                                    | 1          |
| TIMING-18 | Warning  | Missing input or output delay                        | 4          |
| TIMING-24 | Warning  | Overridden Max delay datapath only                   | 8          |
| TIMING-27 | Warning  | Invalid primary clock on hierarchical pin            | 2          |
| TIMING-28 | Warning  | Auto-derived clock referenced by a timing constraint | 8          |
+-----------+----------+------------------------------------------------------+------------+

2. REPORT DETAILS
-----------------
TIMING-3#1 Warning
Invalid primary clock on Clock Modifying Block  
A primary clock sys_clk is created on the output pin or net xillybus_interface_0/xillybus_ins/pcieclk_ibuf/O of a Clock Modifying Block
Related violations: <none>

TIMING-4#1 Warning
Invalid primary clock redefinition on a clock tree  
Invalid clock redefinition on a clock tree. The primary clock clk_wiz_1/inst/clk_in1 is defined downstream of clock userclk1 and overrides its insertion delay and/or waveform definition
Related violations: <none>

TIMING-4#2 Warning
Invalid primary clock redefinition on a clock tree  
Invalid clock redefinition on a clock tree. The primary clock clk_wiz_2/inst/clk_in1 is defined downstream of clock userclk1 and overrides its insertion delay and/or waveform definition
Related violations: <none>

TIMING-9#1 Warning
Unknown CDC Logic  
One or more asynchronous Clock Domain Crossing has been detected between 2 clock domains through a set_false_path or a set_clock_groups or set_max_delay -datapath_only constraint but no double-registers logic synchronizer has been found on the side of the capture clock. It is recommended to run report_cdc for a complete and detailed CDC coverage
Related violations: <none>

TIMING-18#1 Warning
Missing input or output delay  
An output delay is missing on GPIO_LED[0] relative to clock(s) VIRTUAL_userclk1 
Related violations: <none>

TIMING-18#2 Warning
Missing input or output delay  
An output delay is missing on GPIO_LED[1] relative to clock(s) VIRTUAL_userclk1 
Related violations: <none>

TIMING-18#3 Warning
Missing input or output delay  
An output delay is missing on GPIO_LED[2] relative to clock(s) VIRTUAL_userclk1 
Related violations: <none>

TIMING-18#4 Warning
Missing input or output delay  
An output delay is missing on GPIO_LED[3] relative to clock(s) VIRTUAL_userclk1 
Related violations: <none>

TIMING-24#1 Warning
Overridden Max delay datapath only  
A set_clock_groups or a set_false path (see constraint position 27 in the Timing Constraints window in Vivado IDE) between clocks userclk1 and clk_out4_clk_wiz_0 overrides a set_max_delay -datapath_only (position 36). It is not recommended to override a set_max_delay -datapath_only constraint. Replace the set_clock_groups or set_false_path between clocks with point-to-point set_false_path constraints
Related violations: <none>

TIMING-24#2 Warning
Overridden Max delay datapath only  
A set_clock_groups or a set_false path (see constraint position 27 in the Timing Constraints window in Vivado IDE) between clocks userclk1 and clk_out4_clk_wiz_0 overrides a set_max_delay -datapath_only (position 41). It is not recommended to override a set_max_delay -datapath_only constraint. Replace the set_clock_groups or set_false_path between clocks with point-to-point set_false_path constraints
Related violations: <none>

TIMING-24#3 Warning
Overridden Max delay datapath only  
A set_clock_groups or a set_false path (see constraint position 28 in the Timing Constraints window in Vivado IDE) between clocks clk_out4_clk_wiz_0 and userclk1 overrides a set_max_delay -datapath_only (position 37). It is not recommended to override a set_max_delay -datapath_only constraint. Replace the set_clock_groups or set_false_path between clocks with point-to-point set_false_path constraints
Related violations: <none>

TIMING-24#4 Warning
Overridden Max delay datapath only  
A set_clock_groups or a set_false path (see constraint position 28 in the Timing Constraints window in Vivado IDE) between clocks clk_out4_clk_wiz_0 and userclk1 overrides a set_max_delay -datapath_only (position 40). It is not recommended to override a set_max_delay -datapath_only constraint. Replace the set_clock_groups or set_false_path between clocks with point-to-point set_false_path constraints
Related violations: <none>

TIMING-24#5 Warning
Overridden Max delay datapath only  
A set_clock_groups or a set_false path (see constraint position 29 in the Timing Constraints window in Vivado IDE) between clocks userclk1 and clk_out4_clk_wiz_0_1 overrides a set_max_delay -datapath_only (position 38). It is not recommended to override a set_max_delay -datapath_only constraint. Replace the set_clock_groups or set_false_path between clocks with point-to-point set_false_path constraints
Related violations: <none>

TIMING-24#6 Warning
Overridden Max delay datapath only  
A set_clock_groups or a set_false path (see constraint position 29 in the Timing Constraints window in Vivado IDE) between clocks userclk1 and clk_out4_clk_wiz_0_1 overrides a set_max_delay -datapath_only (position 43). It is not recommended to override a set_max_delay -datapath_only constraint. Replace the set_clock_groups or set_false_path between clocks with point-to-point set_false_path constraints
Related violations: <none>

TIMING-24#7 Warning
Overridden Max delay datapath only  
A set_clock_groups or a set_false path (see constraint position 30 in the Timing Constraints window in Vivado IDE) between clocks clk_out4_clk_wiz_0_1 and userclk1 overrides a set_max_delay -datapath_only (position 39). It is not recommended to override a set_max_delay -datapath_only constraint. Replace the set_clock_groups or set_false_path between clocks with point-to-point set_false_path constraints
Related violations: <none>

TIMING-24#8 Warning
Overridden Max delay datapath only  
A set_clock_groups or a set_false path (see constraint position 30 in the Timing Constraints window in Vivado IDE) between clocks clk_out4_clk_wiz_0_1 and userclk1 overrides a set_max_delay -datapath_only (position 42). It is not recommended to override a set_max_delay -datapath_only constraint. Replace the set_clock_groups or set_false_path between clocks with point-to-point set_false_path constraints
Related violations: <none>

TIMING-27#1 Warning
Invalid primary clock on hierarchical pin  
A primary clock clk_wiz_1/inst/clk_in1 is created on an inappropriate internal pin clk_wiz_1/inst/clk_in1. It is not recommended to create a primary clock on a hierarchical pin when its driver pin has a fanout connected to multiple clock pins
Related violations: <none>

TIMING-27#2 Warning
Invalid primary clock on hierarchical pin  
A primary clock clk_wiz_2/inst/clk_in1 is created on an inappropriate internal pin clk_wiz_2/inst/clk_in1. It is not recommended to create a primary clock on a hierarchical pin when its driver pin has a fanout connected to multiple clock pins
Related violations: <none>

TIMING-28#1 Warning
Auto-derived clock referenced by a timing constraint  
The auto-derived clock clk_out4_clk_wiz_0 is referenced by name inside timing constraint (see constraint position 27 in the Timing Constraint window in Vivado IDE). It is recommended to reference an auto-derived clock by the pin name attached to the clock: get_clocks -of_objects [get_pins clk_wiz_1/inst/mmcm_adv_inst/CLKOUT3]
Related violations: <none>

TIMING-28#2 Warning
Auto-derived clock referenced by a timing constraint  
The auto-derived clock clk_out4_clk_wiz_0 is referenced by name inside timing constraint (see constraint position 28 in the Timing Constraint window in Vivado IDE). It is recommended to reference an auto-derived clock by the pin name attached to the clock: get_clocks -of_objects [get_pins clk_wiz_1/inst/mmcm_adv_inst/CLKOUT3]
Related violations: <none>

TIMING-28#3 Warning
Auto-derived clock referenced by a timing constraint  
The auto-derived clock clk_out4_clk_wiz_0_1 is referenced by name inside timing constraint (see constraint position 29 in the Timing Constraint window in Vivado IDE). It is recommended to reference an auto-derived clock by the pin name attached to the clock: get_clocks -of_objects [get_pins clk_wiz_2/inst/mmcm_adv_inst/CLKOUT3]
Related violations: <none>

TIMING-28#4 Warning
Auto-derived clock referenced by a timing constraint  
The auto-derived clock clk_out4_clk_wiz_0_1 is referenced by name inside timing constraint (see constraint position 30 in the Timing Constraint window in Vivado IDE). It is recommended to reference an auto-derived clock by the pin name attached to the clock: get_clocks -of_objects [get_pins clk_wiz_2/inst/mmcm_adv_inst/CLKOUT3]
Related violations: <none>

TIMING-28#5 Warning
Auto-derived clock referenced by a timing constraint  
The auto-derived clock userclk1 is referenced by name inside timing constraint (see constraint position 27 in the Timing Constraint window in Vivado IDE). It is recommended to reference an auto-derived clock by the pin name attached to the clock: get_clocks -of_objects [get_pins xillybus_interface_0/xillybus_ins/pipe_clock/pipe_clock/mmcm_i/CLKOUT2]
Related violations: <none>

TIMING-28#6 Warning
Auto-derived clock referenced by a timing constraint  
The auto-derived clock userclk1 is referenced by name inside timing constraint (see constraint position 28 in the Timing Constraint window in Vivado IDE). It is recommended to reference an auto-derived clock by the pin name attached to the clock: get_clocks -of_objects [get_pins xillybus_interface_0/xillybus_ins/pipe_clock/pipe_clock/mmcm_i/CLKOUT2]
Related violations: <none>

TIMING-28#7 Warning
Auto-derived clock referenced by a timing constraint  
The auto-derived clock userclk1 is referenced by name inside timing constraint (see constraint position 29 in the Timing Constraint window in Vivado IDE). It is recommended to reference an auto-derived clock by the pin name attached to the clock: get_clocks -of_objects [get_pins xillybus_interface_0/xillybus_ins/pipe_clock/pipe_clock/mmcm_i/CLKOUT2]
Related violations: <none>

TIMING-28#8 Warning
Auto-derived clock referenced by a timing constraint  
The auto-derived clock userclk1 is referenced by name inside timing constraint (see constraint position 30 in the Timing Constraint window in Vivado IDE). It is recommended to reference an auto-derived clock by the pin name attached to the clock: get_clocks -of_objects [get_pins xillybus_interface_0/xillybus_ins/pipe_clock/pipe_clock/mmcm_i/CLKOUT2]
Related violations: <none>


